<?xml version="1.0" encoding="UTF-8"?>
<!-- Generated by org.testng.reporters.JUnitXMLReporter -->
<testsuite ignored="3" hostname="LP00135" failures="1" tests="1" name="Default test(failed)" time="0.069" errors="0" timestamp="2021-02-28T17:09:55 IST">
  <testcase classname="testNGDemo.TestNGDemo1" name="Zmethod" time="0.008">
    <failure type="java.lang.AssertionError" message="null">
      <![CDATA[java.lang.AssertionError: null
at testNGDemo.TestNGDemo1.Zmethod(TestNGDemo1.java:53)
at java.base/java.util.ArrayList.forEach(ArrayList.java:1540)
... Removed 29 stack frames]]>
    </failure>
  </testcase> <!-- Zmethod -->
  <testcase classname="testNGDemo.TestNGDemo1" name="deleteUser" time="0.0">
    <ignored/>
  </testcase> <!-- deleteUser -->
  <testcase classname="testNGDemo.TestNGDemo1" name="editUser" time="0.0">
    <ignored/>
  </testcase> <!-- editUser -->
  <testcase classname="testNGDemo.TestNGDemo1" name="register" time="0.0">
    <ignored/>
  </testcase> <!-- register -->
</testsuite> <!-- Default test(failed) -->
